Aug 07 21:26 : update: added /Blinded.mp3
Aug 07 21:26 : update: added Favourite Worst Nightmare/07 Do Me a Favour.mp3
Aug 07 21:26 : update: added Favourite Worst Nightmare/01 Brianstorm.mp3
Aug 07 21:26 : update: added Favourite Worst Nightmare/08 This House is a Circus.mp3
Aug 07 21:26 : update: added Favourite Worst Nightmare/06 Only Ones Who Know.mp3
Aug 07 21:26 : update: added Favourite Worst Nightmare/10 The Bad Thing.mp3
Aug 07 21:26 : update: added Favourite Worst Nightmare/02 Teddy Picker.mp3
Aug 07 21:26 : update: added Favourite Worst Nightmare/12 505.mp3
Aug 07 21:26 : update: added Favourite Worst Nightmare/03 D Is for Dangerous.mp3
Aug 07 21:26 : update: added Favourite Worst Nightmare/09 If You Were There, Beware.mp3
Aug 07 21:26 : update: added Favourite Worst Nightmare/04 Balaclava.mp3
Aug 07 21:26 : update: added Favourite Worst Nightmare/11 Old Yellow Bricks.mp3
Aug 07 21:26 : update: added Favourite Worst Nightmare/05 Fluorescent Adolescent.mp3
Aug 07 21:26 : update: added /With Her I Die.mp3
Aug 07 21:26 : update: added /alma mater.mp3
Aug 07 21:26 : update: added /el hombre de hielo.mp3
Aug 07 21:26 : update: added /Apocalyptica - Path.mp3
Aug 07 21:26 : update: added /09 Bring Them to Light (feat. Joseph.mp3
Aug 07 21:26 : update: added /01 Prelude 3.0.mp3
Aug 07 21:26 : update: added /Poisonblack - 08 Pain Becomes Me.mp3
Aug 07 21:26 : update: added /Poisonblack - The Darkest Lie.mp3
Aug 07 21:26 : update: added /06 Beautiful.mp3
Aug 07 21:26 : update: added EGOIST - Extra terrestrial Biological Entities/12. Departures ~Anata ni Okuru Ai no Uta~.mp3
Aug 07 21:26 : update: added EGOIST - Extra terrestrial Biological Entities/4. Ame, Kimi wo Tsurete.mp3
Aug 07 21:26 : update: added EGOIST - Extra terrestrial Biological Entities/8. Ce que jˇaime ~inori no kyuuzitu~.mp3
Aug 07 21:26 : update: added EGOIST - Extra terrestrial Biological Entities/5. Lovely Icecream Princess Sweetie.mp3
Aug 07 21:26 : update: added EGOIST - Extra terrestrial Biological Entities/Angel Beats! [My song].mp3
Aug 07 21:26 : update: added EGOIST - Extra terrestrial Biological Entities/7. LoveStruck.mp3
Aug 07 21:26 : update: added EGOIST - Extra terrestrial Biological Entities/10. Kono Sekai de Mitsuketa Mono .mp3
Aug 07 21:26 : update: added EGOIST - Extra terrestrial Biological Entities/2. The Everlasting Guilty Crown.mp3
Aug 07 21:26 : update: added EGOIST - Extra terrestrial Biological Entities/1. Genzai no Akari .mp3
Aug 07 21:26 : update: added EGOIST - Extra terrestrial Biological Entities/11. Planetes.mp3
Aug 07 21:26 : update: added EGOIST - Extra terrestrial Biological Entities/3. Extra terrestrial Biological Entities.mp3
Aug 07 21:26 : update: added EGOIST - Extra terrestrial Biological Entities/6. Teokure.mp3
Aug 07 21:26 : update: added EGOIST - Extra terrestrial Biological Entities/9. Omoi wo Megurasu 100 no Jishou.mp3
Aug 07 21:26 : update: added /amorphis - haggard - black winter day.mp3
Aug 07 21:26 : update: added /03 Fornlorn.mp3
Aug 07 21:26 : update: added PSP VN OP - Uchuu Engineer/01 - Uchuu Engineer.mp3
Aug 07 21:26 : update: added PSP VN OP - Uchuu Engineer/02 - Eien no Vector.mp3
Aug 07 21:26 : update: added PSP VN OP - Uchuu Engineer/03 - Sky Clad no Kansokusha (Remix).mp3
Aug 07 21:26 : update: added /sweet dreams.mp3
Aug 07 21:26 : update: added /01 Dolls.mp3
Aug 07 21:26 : update: added /01 At the Gates of Manala.mp3
Aug 07 21:26 : update: added /05 Through Paris In a Sportscar.mp3
Aug 07 21:26 : update: added /13 Spiral Architect.mp3
Aug 07 21:26 : update: added /vampiria.mp3
Aug 07 21:26 : update: added /11 Snuff.mp3
Aug 07 21:26 : update: added Angel Beats!/02 - Alchemy.mp3
Aug 07 21:26 : update: added Angel Beats!/02 Thousand Enemies.mp3
Aug 07 21:26 : update: added Angel Beats!/02.Brave Song.mp3
Aug 07 21:26 : update: added Angel Beats!/01 - Little Braver.mp3
Aug 07 21:26 : update: added Angel Beats!/07 Rain Song.mp3
Aug 07 21:26 : update: added Angel Beats!/05 Run With Wolves.mp3
Aug 07 21:26 : update: added XX/1-04 Islands.mp3
Aug 07 21:26 : update: added XX/1-09 Infinity.mp3
Aug 07 21:26 : update: added XX/2-04 Blood Red Moon.mp3
Aug 07 21:26 : update: added XX/1-08 Basic Space.mp3
Aug 07 21:26 : update: added XX/2-03 Hot Like Fire.mp3
Aug 07 21:26 : update: added XX/1-01 Intro.mp3
Aug 07 21:26 : update: added XX/1-07 Shelter.mp3
Aug 07 21:26 : update: added XX/2-02 Do You Mind.mp3
Aug 07 21:26 : update: added XX/1-11 Stars.mp3
Aug 07 21:26 : update: added XX/1-10 Night Time.mp3
Aug 07 21:26 : update: added XX/2-01 Teardrops.mp3
Aug 07 21:26 : update: added XX/1-02 Vcr.mp3
Aug 07 21:26 : update: added XX/1-06 Fantasy.mp3
Aug 07 21:26 : update: added XX/1-05 Heart Skipped A Beat.mp3
Aug 07 21:26 : update: added XX/1-03 Crystalised.mp3
Aug 07 21:26 : update: added XX/2-05 Insects.mp3
Aug 07 21:26 : update: added Arctic Monkeys/Whatever People Say I'm That's What I'm Not/01 The View from the Afternoon.mp3
Aug 07 21:26 : update: added Arctic Monkeys/Whatever People Say I'm That's What I'm Not/12 From the Ritz to the Rubble.mp3
Aug 07 21:26 : update: added Arctic Monkeys/Whatever People Say I'm That's What I'm Not/06 Still Take You Home.mp3
Aug 07 21:26 : update: added Arctic Monkeys/Whatever People Say I'm That's What I'm Not/10 Perhaps Vampires Is a Bit Strong But.mp3
Aug 07 21:26 : update: added Arctic Monkeys/Whatever People Say I'm That's What I'm Not/09 Mardy Bum.mp3
Aug 07 21:26 : update: added Arctic Monkeys/Whatever People Say I'm That's What I'm Not/04 Dancing Shoes.mp3
Aug 07 21:26 : update: added Arctic Monkeys/Whatever People Say I'm That's What I'm Not/05 You Probably Couldn't See for the Lights But You Were Staring.mp3
Aug 07 21:26 : update: added Arctic Monkeys/Whatever People Say I'm That's What I'm Not/02 I Bet You Look Good on the Dancefloor.mp3
Aug 07 21:26 : update: added Arctic Monkeys/Whatever People Say I'm That's What I'm Not/13 A Certain Romance.mp3
Aug 07 21:26 : update: added Arctic Monkeys/Whatever People Say I'm That's What I'm Not/11 When the Sun Goes Down.mp3
Aug 07 21:26 : update: added Arctic Monkeys/Whatever People Say I'm That's What I'm Not/03 Fake Tales of San Francisco.mp3
Aug 07 21:26 : update: added Arctic Monkeys/Whatever People Say I'm That's What I'm Not/08 Red Light Indicates Doors Are Secured.mp3
Aug 07 21:26 : update: added Arctic Monkeys/Whatever People Say I'm That's What I'm Not/07 Riot Van.mp3
Aug 07 21:26 : update: added Arctic Monkeys/Suck And It See/02 - Black Treacle.mp3
Aug 07 21:26 : update: added Arctic Monkeys/Suck And It See/04 - The Hellcat Spangled Shalalala.mp3
Aug 07 21:26 : update: added Arctic Monkeys/Suck And It See/05 - Don't Sit Down 'Cause I've Moved Your Chair.mp3
Aug 07 21:26 : update: added Arctic Monkeys/Suck And It See/01 - She's Thunderstorms.mp3
Aug 07 21:26 : update: added Arctic Monkeys/Suck And It See/06 - Library Pictures.mp3
Aug 07 21:26 : update: added Arctic Monkeys/Suck And It See/Electricity.mp3
Aug 07 21:26 : update: added Arctic Monkeys/Suck And It See/10 - Love Is A Laserquest.mp3
Aug 07 21:26 : avahi: Service 'Music Player' successfully established.
Aug 07 21:26 : update: added Arctic Monkeys/Suck And It See/12 - That's Where You're Wrong.mp3
Aug 07 21:26 : update: added Arctic Monkeys/Suck And It See/07 - All My Own Stunts.mp3
Aug 07 21:26 : update: added Arctic Monkeys/Suck And It See/R U Mine.mp3
Aug 07 21:26 : update: added Arctic Monkeys/Suck And It See/09 - Piledriver Waltz.mp3
Aug 07 21:26 : update: added Arctic Monkeys/Suck And It See/03 - Brick By Brick.mp3
Aug 07 21:26 : update: added Arctic Monkeys/Suck And It See/11 - Suck It And See.mp3
Aug 07 21:26 : update: added Arctic Monkeys/Suck And It See/08 - Reckless Serenade.mp3
Aug 07 21:26 : update: added Arctic Monkeys/Humbug/02 Crying Lightning.mp3
Aug 07 21:26 : update: added Arctic Monkeys/Humbug/10 The Jeweller's Hands.mp3
Aug 07 21:26 : update: added Arctic Monkeys/Humbug/06 Fire And The Thud.mp3
Aug 07 21:26 : update: added Arctic Monkeys/Humbug/07 Cornerstone.mp3
Aug 07 21:26 : update: added Arctic Monkeys/Humbug/08 Dance Little Liar.mp3
Aug 07 21:26 : update: added Arctic Monkeys/Humbug/03 Dangerous Animals.mp3
Aug 07 21:26 : update: added Arctic Monkeys/Humbug/04 Secret Door.mp3
Aug 07 21:26 : update: added Arctic Monkeys/Humbug/05 Potion Approaching.mp3
Aug 07 21:26 : update: added Arctic Monkeys/Humbug/09 Pretty Visitors.mp3
Aug 07 21:26 : update: added Arctic Monkeys/Humbug/01 My Propeller.mp3
Aug 07 21:26 : update: added /11 Take my cry.mp3
Aug 07 21:26 : update: added /06 December.mp3
Aug 07 21:26 : update: added Steins;Gate - Hiyoku Renri no Darling OP Single/01 Kindan Muteki no Darling.mp3
Aug 07 21:26 : update: added Steins;Gate - Hiyoku Renri no Darling OP Single/02 Ethical ~Arigatou wo Tsutaetai~.mp3
Aug 07 21:26 : update: added /04 Frozen memory.mp3
Aug 07 21:26 : update: added /02 End of Me (feat. Gavin Rossdale).mp3
Aug 07 21:26 : update: added /Her Ghost In The Fog.mp3
Aug 07 21:26 : update: added /Blood on your hands.mp3
Aug 07 21:26 : update: added /12-luna.mp3
Aug 07 21:26 : update: added /Akeboshi Wind.mp3
Aug 07 21:26 : update: added /11 Rage of Poseidon (Premium Version.mp3
Aug 07 21:26 : update: added La Catedral De Las Melodias Sangrantes - Samantha/Eths - Samantha - 02 - Samantha.mp3
Aug 07 21:26 : update: added La Catedral De Las Melodias Sangrantes - Samantha/Eths - Samantha - 05 - Volee.mp3
Aug 07 21:26 : update: added La Catedral De Las Melodias Sangrantes - Samantha/Eths - Samantha - 03 - Des Cendres.mp3
Aug 07 21:26 : update: added La Catedral De Las Melodias Sangrantes - Samantha/Eths - Samantha - 06 - Le Projet Humain.mp3
Aug 07 21:26 : update: added La Catedral De Las Melodias Sangrantes - Samantha/Eths - Samantha - 01 - Intro.mp3
Aug 07 21:26 : update: added La Catedral De Las Melodias Sangrantes - Samantha/Eths - Samantha - 04 - Encore.mp3
Aug 07 21:26 : update: added La Catedral De Las Melodias Sangrantes - Samantha/Eths - Samantha - 07 - Animadversion.mp3
Aug 07 21:26 : update: added Coexist/02 Chained.mp3
Aug 07 21:26 : update: added Coexist/12 Reconsider.mp3
Aug 07 21:26 : update: added Coexist/07 Missing.mp3
Aug 07 21:26 : update: added Coexist/03 Fiction.mp3
Aug 07 21:26 : update: added Coexist/01 Angels.mp3
Aug 07 21:26 : update: added Coexist/05 Reunion.mp3
Aug 07 21:26 : update: added Coexist/11 Our Song.mp3
Aug 07 21:26 : update: added Coexist/10 Swept Away.mp3
Aug 07 21:26 : update: added Coexist/09 Unfold.mp3
Aug 07 21:26 : update: added Coexist/08 Tides.mp3
Aug 07 21:26 : update: added Coexist/06 Sunset.mp3
Aug 07 21:26 : update: added Coexist/04 Try.mp3
Aug 07 21:26 : update: added /07 Welcome.mp3
Aug 07 21:26 : update: added /04 2010 (feat. Dave Lombardo).mp3
Aug 07 21:26 : update: added /Bittersweet_ Apocalyptica feat. Ville Valo & Lauri Ylonen.mp3
Aug 07 21:26 : mpg123: mpg123_getformat() failed: Message: I am done with this track.
Aug 07 21:26 : update: added (2007) Teratologie/16 (Hidden Track).mp3
Aug 07 21:26 : update: added (2007) Teratologie/13 Anima Exhalare.mp3
Aug 07 21:26 : update: added (2007) Teratologie/15 Ondine.mp3
Aug 07 21:26 : update: added (2007) Teratologie/06 Priape.mp3
Aug 07 21:26 : update: added (2007) Teratologie/08 Atavhysterie.mp3
Aug 07 21:26 : update: added (2007) Teratologie/14 Liquide ephemere.mp3
Aug 07 21:26 : update: added (2007) Teratologie/01 Stultitiae laus.mp3
Aug 07 21:26 : update: added (2007) Teratologie/12 Holocauste en trois temps.mp3
Aug 07 21:26 : update: added (2007) Teratologie/05 V.I.T.R.I.O.L.mp3
Aug 07 21:26 : update: added (2007) Teratologie/10 Ileus Torebelle.mp3
Aug 07 21:26 : update: added (2007) Teratologie/11 Ileus Matricis.mp3
Aug 07 21:26 : update: added (2007) Teratologie/04 Teratologie.mp3
Aug 07 21:26 : update: added (2007) Teratologie/09 Rythmique de la bete.mp3
Aug 07 21:26 : update: added (2007) Teratologie/02 Blumiarexia.mp3
Aug 07 21:26 : update: added (2007) Teratologie/03 NaOCL.mp3
Aug 07 21:26 : update: added (2007) Teratologie/07 Hydracombustio.mp3
Aug 07 21:26 : update: added /Hope.mp3
Aug 07 21:26 : update: added STEINS; GATE Game OP Theme/1 Hisenkei Jeniakku.mp3
Aug 07 21:26 : update: added STEINS; GATE Game OP Theme/4 Hisenkei Jeniakku (off Vocal).mp3
Aug 07 21:26 : update: added STEINS; GATE Game OP Theme/5 Geometric space （off vocal）.mp3
Aug 07 21:26 : update: added STEINS; GATE Game OP Theme/3 Another Heaven 2012 Remix Ver..mp3
Aug 07 21:26 : update: added STEINS; GATE Game OP Theme/2 Geometric spac.mp3
Aug 07 21:26 : update: added /Call Me When You're Sober.wma
Aug 07 21:26 : update: added /paranormal attack - walking in the sun ( logical beat edit).mp3
Aug 07 21:26 : update: added /08 Varen Ka.mp3
Aug 07 21:26 : update: added [KC][120128]Guilty Crown THEME SONGS COLLECTION/04  Rё.L feat. Cyua .mp3
Aug 07 21:26 : update: added [KC][120128]Guilty Crown THEME SONGS COLLECTION/03 βios.mp3
Aug 07 21:26 : update: added [KC][120128]Guilty Crown THEME SONGS COLLECTION/01 Euterupe ～Silence～.mp3
Aug 07 21:26 : update: added [KC][120128]Guilty Crown THEME SONGS COLLECTION/02 Departures ~Anata ni Okuru Ai no Uta~.mp3
Aug 07 21:26 : update: added /07 Broken Pieces (feat. Lacey).mp3
Aug 07 21:26 : update: added /05 Cold embrace.mp3
Aug 07 21:26 : update: added /08 On the Rooftop With Quasimodo.mp3
Aug 07 21:26 : update: added /humanos.mp3
Aug 07 21:26 : update: added Steins_Gate_ED+BK/01 Toki Tsukasadoru Juuni no Meiyaku.mp3
Aug 07 21:26 : update: added Steins_Gate_ED+BK/02 Uruwashiki Seduce.mp3
Aug 07 21:26 : update: added /Illusionate.mp3
Aug 07 21:26 : update: added /nymphetamine.mp3
Aug 07 21:26 : update: added /07 Devoid.mp3
Aug 07 21:26 : update: added /sleepless (anathema).mp3
Aug 07 21:26 : update: added /Again-Yui.mp3
Aug 07 21:26 : update: added /03 Not Strong Enough (feat. Brent Sm.mp3
Aug 07 21:26 : update: added /vampire.mp3
Aug 07 21:26 : update: added /I'm Not Jesus.mp3
Aug 07 21:26 : update: added /11 Vermilion pt II.mp3
Aug 07 21:26 : update: added /tonight_in_flames.mp3
Aug 07 21:26 : update: added /cruelty brought thee orchids.mp3
Aug 07 21:26 : update: added /I Dont Care.mp3
Aug 07 21:26 : update: added /08 Vermilion pt I.mp3
Aug 07 21:26 : update: added /My Dearest (Gulty Crown OP) - Supercell.mp3
Aug 07 21:26 : update: added /HIM - Wicked Game.mp3
Aug 07 21:26 : update: added /10 Sacra.mp3
Aug 07 21:26 : update: added Steins Gate OP Single - Hacking to the Gate/02 - Reliance.mp3
Aug 07 21:26 : update: added Steins Gate OP Single - Hacking to the Gate/01 - Hacking to the Gate.mp3
Aug 07 21:26 : update: added PSP VN ED - Preghiera No Tsukiyo/02 - Euphoria -Tsugunai No Requiem-.mp3
Aug 07 21:26 : update: added PSP VN ED - Preghiera No Tsukiyo/01 - Preghiera No Tsukiyo.mp3
Aug 07 21:26 : update: added /02 Stalingrad.mp3
Aug 07 21:26 : update: added /killing loneliness.mp3
Aug 07 21:26 : update: added /12 The Shadow of Venus.mp3
Aug 07 21:26 : client: [0] opened from 127.0.0.1:55308
Aug 07 21:28 : client: [0] closed
Aug 07 21:28 : client: [1] opened from 127.0.0.1:55309
Aug 07 21:28 : player: played "[KC][120128]Guilty Crown THEME SONGS COLLECTION/01 Euterupe ～Silence～.mp3"
Aug 07 21:30 : player: played "[KC][120128]Guilty Crown THEME SONGS COLLECTION/01 Euterupe ～Silence～.mp3"
Aug 07 21:34 : player: played "PSP VN OP - Uchuu Engineer/01 - Uchuu Engineer.mp3"
Aug 07 21:35 : client: [1] closed
Aug 07 21:35 : client: [2] opened from 127.0.0.1:55339
Aug 07 21:35 : client: [2] closed
Aug 07 21:36 : client: [3] opened from 127.0.0.1:55340
Aug 07 21:39 : player: played "PSP VN OP - Uchuu Engineer/01 - Uchuu Engineer.mp3"
Aug 07 21:40 : client: [3] closed
Aug 07 21:40 : client: [4] opened from 127.0.0.1:55344
Aug 07 21:41 : client: [4] closed
Aug 07 21:41 : client: [5] opened from 127.0.0.1:55345
Aug 07 21:43 : client: [5] closed
Aug 07 21:43 : client: [6] opened from 127.0.0.1:55348
Aug 07 21:43 : client: [6] closed
Aug 07 21:44 : client: [7] opened from 127.0.0.1:55349
Aug 07 21:44 : client: [7] closed
Aug 07 21:44 : client: [8] opened from 127.0.0.1:55350
Aug 07 21:45 : player: played "PSP VN OP - Uchuu Engineer/01 - Uchuu Engineer.mp3"
Aug 07 21:46 : client: [8] closed
Aug 07 21:46 : client: [9] opened from 127.0.0.1:55351
Aug 07 21:49 : client: [9] closed
Aug 07 21:49 : client: [10] opened from 127.0.0.1:55352
Aug 07 21:49 : client: [10] closed
Aug 07 21:50 : client: [11] opened from 127.0.0.1:55355
Aug 07 21:52 : player: played "[KC][120128]Guilty Crown THEME SONGS COLLECTION/01 Euterupe ～Silence～.mp3"
Aug 07 21:55 : avahi: Service 'Music Player' successfully established.
Aug 07 21:56 : client: [0] opened from 127.0.0.1:55690
Aug 07 21:56 : alsa_mixer: Failed to read mixer for 'my_alsa': no such mixer control: PCM
Aug 07 21:56 : output: Failed to open mixer for 'my_alsa'
Aug 07 22:00 : player: played "Arctic Monkeys/Suck And It See/01 - She's Thunderstorms.mp3"
Aug 07 22:02 : output: Failed to open mixer for 'my_alsa'
Aug 07 22:06 : client: [0] closed
Aug 07 22:07 : player: played "STEINS; GATE Game OP Theme/2 Geometric spac.mp3"
Aug 07 22:07 : alsa_output: "my_alsa" [alsa] failed to play: Broken pipe
Aug 07 22:07 : player: played "STEINS; GATE Game OP Theme/1 Hisenkei Jeniakku.mp3"
Aug 07 22:26 : output: Failed to open mixer for 'my_alsa'
Aug 07 22:26 : avahi: Service 'Music Player' successfully established.
Aug 07 22:26 : client: [0] opened from 127.0.0.1:56396
Aug 07 22:30 : player: played "STEINS; GATE Game OP Theme/1 Hisenkei Jeniakku.mp3"
Aug 07 22:34 : player: played "STEINS; GATE Game OP Theme/3 Another Heaven 2012 Remix Ver..mp3"
Aug 07 22:38 : player: played "EGOIST - Extra terrestrial Biological Entities/4. Ame, Kimi wo Tsurete.mp3"
Aug 07 22:40 : player: played "[KC][120128]Guilty Crown THEME SONGS COLLECTION/01 Euterupe ～Silence～.mp3"
Aug 07 22:45 : client: [0] closed
Aug 07 22:45 : client: [1] opened from 127.0.0.1:56550
Aug 07 22:45 : player: played "EGOIST - Extra terrestrial Biological Entities/2. The Everlasting Guilty Crown.mp3"
Aug 07 22:48 : client: [1] closed
Aug 07 22:48 : client: [2] opened from 127.0.0.1:56599
Aug 07 22:50 : player: played "EGOIST - Extra terrestrial Biological Entities/10. Kono Sekai de Mitsuketa Mono .mp3"
Aug 07 22:50 : player: played "PSP VN OP - Uchuu Engineer/01 - Uchuu Engineer.mp3"
Aug 07 22:51 : client: [2] closed
Aug 07 22:51 : client: [3] opened from 127.0.0.1:56620
Aug 07 22:52 : client: [3] closed
Aug 07 22:52 : client: [4] opened from 127.0.0.1:56621
Aug 07 22:56 : player: played "EGOIST - Extra terrestrial Biological Entities/11. Planetes.mp3"
Aug 07 22:58 : player: played "[KC][120128]Guilty Crown THEME SONGS COLLECTION/01 Euterupe ～Silence～.mp3"
Aug 07 23:03 : player: played "PSP VN OP - Uchuu Engineer/02 - Eien no Vector.mp3"
Aug 07 23:07 : player: played "PSP VN OP - Uchuu Engineer/03 - Sky Clad no Kansokusha (Remix).mp3"
Aug 07 23:12 : player: played "EGOIST - Extra terrestrial Biological Entities/3. Extra terrestrial Biological Entities.mp3"
Aug 07 23:17 : player: played "EGOIST - Extra terrestrial Biological Entities/7. LoveStruck.mp3"
Aug 07 23:21 : player: played "EGOIST - Extra terrestrial Biological Entities/12. Departures ~Anata ni Okuru Ai no Uta~.mp3"
Aug 07 23:25 : client: [4] closed
Aug 07 23:25 : player: played "Arctic Monkeys/Suck And It See/01 - She's Thunderstorms.mp3"
Aug 07 23:25 : output: Failed to open mixer for 'my_alsa'
Aug 07 23:25 : client: [5] opened from 127.0.0.1:57343
Aug 07 23:27 : player: played "XX/1-01 Intro.mp3"
Aug 07 23:27 : output: Failed to open mixer for 'my_alsa'
Aug 07 23:30 : player: played "[KC][120128]Guilty Crown THEME SONGS COLLECTION/02 Departures ~Anata ni Okuru Ai no Uta~.mp3"
Aug 07 23:34 : player: played "STEINS; GATE Game OP Theme/1 Hisenkei Jeniakku.mp3"
Aug 07 23:38 : output: Failed to open mixer for 'my_alsa'
Aug 07 23:42 : player: played "Arctic Monkeys/Suck And It See/01 - She's Thunderstorms.mp3"
Aug 07 23:46 : player: played "Arctic Monkeys/Suck And It See/02 - Black Treacle.mp3"
Aug 07 23:49 : player: played "Arctic Monkeys/Suck And It See/03 - Brick By Brick.mp3"
Aug 07 23:52 : player: played "Arctic Monkeys/Suck And It See/04 - The Hellcat Spangled Shalalala.mp3"
Aug 07 23:55 : player: played "Arctic Monkeys/Suck And It See/05 - Don't Sit Down 'Cause I've Moved Your Chair.mp3"
Aug 07 23:57 : player: played "Arctic Monkeys/Suck And It See/06 - Library Pictures.mp3"
Aug 08 00:01 : player: played "Arctic Monkeys/Suck And It See/07 - All My Own Stunts.mp3"
Aug 08 00:04 : player: played "Arctic Monkeys/Suck And It See/08 - Reckless Serenade.mp3"
Aug 08 00:07 : player: played "Arctic Monkeys/Suck And It See/09 - Piledriver Waltz.mp3"
Aug 08 00:10 : player: played "Arctic Monkeys/Suck And It See/10 - Love Is A Laserquest.mp3"
Aug 08 00:14 : player: played "Arctic Monkeys/Suck And It See/11 - Suck It And See.mp3"
Aug 08 00:19 : player: played "Arctic Monkeys/Suck And It See/12 - That's Where You're Wrong.mp3"
Aug 08 01:32 : client: [5] closed
Aug 15 18:05 : avahi: Service 'Music Player' successfully established.
Aug 15 18:05 : client: [0] opened from 127.0.0.1:44341
Aug 15 18:05 : alsa_mixer: Failed to read mixer for 'my_alsa': no such mixer control: PCM
Aug 15 18:05 : output: Failed to open mixer for 'my_alsa'
Aug 15 18:05 : player: played "[KC][120128]Guilty Crown THEME SONGS COLLECTION/03 βios.mp3"
Aug 15 18:10 : player: played "[KC][120128]Guilty Crown THEME SONGS COLLECTION/04  Rё.L feat. Cyua .mp3"
Aug 15 18:10 : output: Failed to open mixer for 'my_alsa'
Aug 15 18:15 : player: played "[KC][120128]Guilty Crown THEME SONGS COLLECTION/03 βios.mp3"
Aug 15 18:19 : player: played "[KC][120128]Guilty Crown THEME SONGS COLLECTION/04  Rё.L feat. Cyua .mp3"
Aug 15 18:22 : output: Failed to open mixer for 'my_alsa'
Aug 15 18:22 : player: played "STEINS; GATE Game OP Theme/3 Another Heaven 2012 Remix Ver..mp3"
Aug 15 18:26 : player: played "PSP VN OP - Uchuu Engineer/01 - Uchuu Engineer.mp3"
Aug 15 18:30 : player: played "Again-Yui.mp3"
Aug 15 18:36 : player: played "EGOIST - Extra terrestrial Biological Entities/3. Extra terrestrial Biological Entities.mp3"
Aug 15 18:40 : player: played "EGOIST - Extra terrestrial Biological Entities/12. Departures ~Anata ni Okuru Ai no Uta~.mp3"
Aug 15 18:41 : player: played "EGOIST - Extra terrestrial Biological Entities/8. Ce que jˇaime ~inori no kyuuzitu~.mp3"
Aug 15 18:46 : player: played "EGOIST - Extra terrestrial Biological Entities/4. Ame, Kimi wo Tsurete.mp3"
Aug 15 18:50 : player: played "PSP VN OP - Uchuu Engineer/02 - Eien no Vector.mp3"
Aug 15 18:54 : player: played "Arctic Monkeys/Suck And It See/01 - She's Thunderstorms.mp3"
Aug 15 19:00 : player: played "EGOIST - Extra terrestrial Biological Entities/2. The Everlasting Guilty Crown.mp3"
Aug 15 19:03 : player: played "EGOIST - Extra terrestrial Biological Entities/9. Omoi wo Megurasu 100 no Jishou.mp3"
Aug 15 19:07 : player: played "EGOIST - Extra terrestrial Biological Entities/5. Lovely Icecream Princess Sweetie.mp3"
Aug 15 19:10 : player: played "Arctic Monkeys/Suck And It See/R U Mine.mp3"
Aug 15 19:16 : player: played "My Dearest (Gulty Crown OP) - Supercell.mp3"
Aug 15 19:20 : player: played "STEINS; GATE Game OP Theme/1 Hisenkei Jeniakku.mp3"
Aug 15 19:22 : player: played "EGOIST - Extra terrestrial Biological Entities/1. Genzai no Akari .mp3"
Aug 15 19:22 : output: Failed to open mixer for 'my_alsa'
Aug 15 19:24 : player: played "XX/1-01 Intro.mp3"
Aug 15 19:24 : output: Failed to open mixer for 'my_alsa'
Aug 15 19:28 : player: played "PSP VN OP - Uchuu Engineer/03 - Sky Clad no Kansokusha (Remix).mp3"
Aug 15 19:33 : player: played "EGOIST - Extra terrestrial Biological Entities/10. Kono Sekai de Mitsuketa Mono .mp3"
Aug 15 19:38 : player: played "EGOIST - Extra terrestrial Biological Entities/7. LoveStruck.mp3"
Aug 15 19:44 : player: played "EGOIST - Extra terrestrial Biological Entities/11. Planetes.mp3"
Aug 15 19:46 : player: played "[KC][120128]Guilty Crown THEME SONGS COLLECTION/02 Departures ~Anata ni Okuru Ai no Uta~.mp3"
Aug 15 19:48 : player: played "[KC][120128]Guilty Crown THEME SONGS COLLECTION/01 Euterupe ～Silence～.mp3"
Aug 15 19:48 : player: played "[KC][120128]Guilty Crown THEME SONGS COLLECTION/01 Euterupe ～Silence～.mp3"
Aug 15 19:52 : player: played "EGOIST - Extra terrestrial Biological Entities/6. Teokure.mp3"
Aug 15 19:56 : player: played "STEINS; GATE Game OP Theme/2 Geometric spac.mp3"
Aug 15 20:00 : player: played "PSP VN OP - Uchuu Engineer/01 - Uchuu Engineer.mp3"
Aug 15 20:00 : player: played "Arctic Monkeys/Suck And It See/01 - She's Thunderstorms.mp3"
Aug 15 20:00 : player: played "Arctic Monkeys/Suck And It See/02 - Black Treacle.mp3"
Aug 15 20:00 : player: played "Arctic Monkeys/Suck And It See/03 - Brick By Brick.mp3"
Aug 15 20:00 : player: played "Arctic Monkeys/Suck And It See/04 - The Hellcat Spangled Shalalala.mp3"
Aug 15 20:00 : player: played "Arctic Monkeys/Suck And It See/05 - Don't Sit Down 'Cause I've Moved Your Chair.mp3"
Aug 15 20:00 : player: played "Arctic Monkeys/Suck And It See/06 - Library Pictures.mp3"
Aug 15 20:00 : player: played "Arctic Monkeys/Suck And It See/07 - All My Own Stunts.mp3"
Aug 15 20:00 : player: played "Arctic Monkeys/Suck And It See/08 - Reckless Serenade.mp3"
Aug 15 20:00 : player: played "Arctic Monkeys/Suck And It See/09 - Piledriver Waltz.mp3"
Aug 15 20:00 : player: played "Arctic Monkeys/Suck And It See/10 - Love Is A Laserquest.mp3"
Aug 15 20:00 : player: played "Arctic Monkeys/Suck And It See/11 - Suck It And See.mp3"
Aug 15 20:00 : player: played "Arctic Monkeys/Suck And It See/12 - That's Where You're Wrong.mp3"
Aug 15 20:00 : player: played "[KC][120128]Guilty Crown THEME SONGS COLLECTION/03 βios.mp3"
Aug 15 20:00 : player: played "[KC][120128]Guilty Crown THEME SONGS COLLECTION/04  Rё.L feat. Cyua .mp3"
Aug 15 20:05 : player: played "[KC][120128]Guilty Crown THEME SONGS COLLECTION/03 βios.mp3"
Aug 15 20:09 : player: played "[KC][120128]Guilty Crown THEME SONGS COLLECTION/04  Rё.L feat. Cyua .mp3"
Aug 15 20:10 : client: [0] closed
Aug 16 15:31 : client: [0] opened from 127.0.0.1:35608
Aug 16 15:31 : alsa_mixer: Failed to read mixer for 'my_alsa': no such mixer control: PCM
Aug 16 15:31 : avahi: Service 'Music Player' successfully established.
Aug 16 15:31 : client: [1] opened from 127.0.0.1:35609
Aug 16 15:31 : client: [2] opened from 127.0.0.1:35610
Aug 16 15:31 : output: Failed to open mixer for 'my_alsa'
Aug 16 15:36 : player: played "STEINS; GATE Game OP Theme/3 Another Heaven 2012 Remix Ver..mp3"
Aug 16 15:39 : player: played "PSP VN OP - Uchuu Engineer/01 - Uchuu Engineer.mp3"
Aug 16 15:44 : player: played "Again-Yui.mp3"
Aug 16 15:49 : player: played "EGOIST - Extra terrestrial Biological Entities/3. Extra terrestrial Biological Entities.mp3"
Aug 16 15:54 : player: played "EGOIST - Extra terrestrial Biological Entities/12. Departures ~Anata ni Okuru Ai no Uta~.mp3"
Aug 16 15:55 : player: played "EGOIST - Extra terrestrial Biological Entities/8. Ce que jˇaime ~inori no kyuuzitu~.mp3"
Aug 16 15:59 : player: played "EGOIST - Extra terrestrial Biological Entities/4. Ame, Kimi wo Tsurete.mp3"
Aug 16 16:04 : player: played "PSP VN OP - Uchuu Engineer/02 - Eien no Vector.mp3"
Aug 16 16:09 : player: played "EGOIST - Extra terrestrial Biological Entities/2. The Everlasting Guilty Crown.mp3"
Aug 16 16:12 : player: played "EGOIST - Extra terrestrial Biological Entities/9. Omoi wo Megurasu 100 no Jishou.mp3"
Aug 16 16:16 : player: played "EGOIST - Extra terrestrial Biological Entities/5. Lovely Icecream Princess Sweetie.mp3"
Aug 16 16:22 : player: played "My Dearest (Gulty Crown OP) - Supercell.mp3"
Aug 16 16:26 : player: played "STEINS; GATE Game OP Theme/1 Hisenkei Jeniakku.mp3"
Aug 16 16:28 : player: played "EGOIST - Extra terrestrial Biological Entities/1. Genzai no Akari .mp3"
Aug 16 16:28 : output: Failed to open mixer for 'my_alsa'
Aug 16 16:30 : player: played "XX/1-01 Intro.mp3"
Aug 16 16:30 : output: Failed to open mixer for 'my_alsa'
Aug 16 16:34 : player: played "PSP VN OP - Uchuu Engineer/03 - Sky Clad no Kansokusha (Remix).mp3"
Aug 16 16:39 : player: played "EGOIST - Extra terrestrial Biological Entities/10. Kono Sekai de Mitsuketa Mono .mp3"
Aug 21 22:46 : avahi: Service 'Music Player' successfully established.
Aug 21 22:47 : client: [0] opened from 127.0.0.1:44176
Aug 21 22:47 : alsa_mixer: Failed to read mixer for 'my_alsa': no such mixer control: PCM
Aug 21 22:47 : player: played "EGOIST - Extra terrestrial Biological Entities/7. LoveStruck.mp3"
Aug 21 22:47 : output: Failed to open mixer for 'my_alsa'
Aug 21 22:47 : client: [0] closed
Aug 21 22:51 : player: played "EGOIST - Extra terrestrial Biological Entities/7. LoveStruck.mp3"
Aug 21 22:57 : player: played "EGOIST - Extra terrestrial Biological Entities/11. Planetes.mp3"
Aug 21 23:00 : player: played "[KC][120128]Guilty Crown THEME SONGS COLLECTION/02 Departures ~Anata ni Okuru Ai no Uta~.mp3"
Aug 21 23:01 : player: played "[KC][120128]Guilty Crown THEME SONGS COLLECTION/01 Euterupe ～Silence～.mp3"
Aug 21 23:03 : player: played "[KC][120128]Guilty Crown THEME SONGS COLLECTION/01 Euterupe ～Silence～.mp3"
Aug 21 23:06 : player: played "EGOIST - Extra terrestrial Biological Entities/6. Teokure.mp3"
Aug 21 23:11 : player: played "STEINS; GATE Game OP Theme/2 Geometric spac.mp3"
Aug 21 23:15 : player: played "PSP VN OP - Uchuu Engineer/01 - Uchuu Engineer.mp3"
Aug 21 23:19 : client: [1] opened from 127.0.0.1:44241
Aug 21 23:19 : client: [1] closed
Aug 21 23:19 : player: played "[KC][120128]Guilty Crown THEME SONGS COLLECTION/03 βios.mp3"
Aug 29 16:40 : avahi: Service 'Music Player' successfully established.
Aug 29 16:40 : client: [0] opened from 127.0.0.1:40968
Aug 29 16:40 : alsa_mixer: Failed to read mixer for 'my_alsa': no such mixer control: PCM
Aug 29 16:41 : player: played "[KC][120128]Guilty Crown THEME SONGS COLLECTION/03 βios.mp3"
Aug 29 16:41 : output: Failed to open mixer for 'my_alsa'
Aug 29 16:41 : output: Failed to open mixer for 'my_alsa'
Aug 29 16:41 : client: [1] opened from 127.0.0.1:40981
Aug 29 16:45 : player: played "STEINS; GATE Game OP Theme/3 Another Heaven 2012 Remix Ver..mp3"
Aug 29 16:49 : player: played "PSP VN OP - Uchuu Engineer/01 - Uchuu Engineer.mp3"
Aug 29 16:53 : player: played "Again-Yui.mp3"
Aug 29 16:58 : player: played "EGOIST - Extra terrestrial Biological Entities/3. Extra terrestrial Biological Entities.mp3"
Aug 29 17:03 : player: played "EGOIST - Extra terrestrial Biological Entities/12. Departures ~Anata ni Okuru Ai no Uta~.mp3"
Aug 29 17:04 : player: played "EGOIST - Extra terrestrial Biological Entities/8. Ce que jˇaime ~inori no kyuuzitu~.mp3"
Aug 29 17:08 : player: played "EGOIST - Extra terrestrial Biological Entities/4. Ame, Kimi wo Tsurete.mp3"
Aug 29 17:13 : player: played "PSP VN OP - Uchuu Engineer/02 - Eien no Vector.mp3"
Aug 29 17:18 : player: played "EGOIST - Extra terrestrial Biological Entities/2. The Everlasting Guilty Crown.mp3"
Aug 29 17:21 : player: played "EGOIST - Extra terrestrial Biological Entities/9. Omoi wo Megurasu 100 no Jishou.mp3"
Aug 29 17:25 : player: played "EGOIST - Extra terrestrial Biological Entities/5. Lovely Icecream Princess Sweetie.mp3"
Aug 29 17:31 : player: played "My Dearest (Gulty Crown OP) - Supercell.mp3"
Aug 29 17:35 : player: played "STEINS; GATE Game OP Theme/1 Hisenkei Jeniakku.mp3"
Aug 29 17:37 : player: played "EGOIST - Extra terrestrial Biological Entities/1. Genzai no Akari .mp3"
Aug 29 17:37 : output: Failed to open mixer for 'my_alsa'
Aug 29 17:39 : player: played "XX/1-01 Intro.mp3"
Aug 29 17:39 : output: Failed to open mixer for 'my_alsa'
Aug 29 17:42 : player: played "PSP VN OP - Uchuu Engineer/03 - Sky Clad no Kansokusha (Remix).mp3"
Aug 29 17:47 : player: played "EGOIST - Extra terrestrial Biological Entities/10. Kono Sekai de Mitsuketa Mono .mp3"
Aug 29 17:52 : player: played "EGOIST - Extra terrestrial Biological Entities/7. LoveStruck.mp3"
Aug 29 17:58 : player: played "EGOIST - Extra terrestrial Biological Entities/11. Planetes.mp3"
Aug 29 18:01 : player: played "[KC][120128]Guilty Crown THEME SONGS COLLECTION/02 Departures ~Anata ni Okuru Ai no Uta~.mp3"
Aug 29 18:02 : player: played "[KC][120128]Guilty Crown THEME SONGS COLLECTION/01 Euterupe ～Silence～.mp3"
Aug 29 18:04 : player: played "[KC][120128]Guilty Crown THEME SONGS COLLECTION/01 Euterupe ～Silence～.mp3"
Aug 29 18:07 : player: played "EGOIST - Extra terrestrial Biological Entities/6. Teokure.mp3"
Aug 29 18:12 : player: played "STEINS; GATE Game OP Theme/2 Geometric spac.mp3"
Aug 29 18:15 : player: played "PSP VN OP - Uchuu Engineer/01 - Uchuu Engineer.mp3"
Aug 29 18:20 : player: played "[KC][120128]Guilty Crown THEME SONGS COLLECTION/03 βios.mp3"
Aug 29 18:25 : player: played "[KC][120128]Guilty Crown THEME SONGS COLLECTION/04  Rё.L feat. Cyua .mp3"
Aug 29 18:28 : player: played "Akeboshi Wind.mp3"
Aug 29 18:34 : player: played "Angel Beats!/02.Brave Song.mp3"
Aug 29 18:38 : player: played "Angel Beats!/02 - Alchemy.mp3"
Aug 29 18:42 : player: played "Angel Beats!/02 - Alchemy.mp3"
Aug 29 18:47 : player: played "Angel Beats!/02 Thousand Enemies.mp3"
Aug 29 18:51 : player: played "Angel Beats!/05 Run With Wolves.mp3"
Aug 29 18:56 : player: played "Angel Beats!/07 Rain Song.mp3"
Aug 29 19:01 : player: played "Angel Beats!/01 - Little Braver.mp3"
Aug 29 19:05 : player: played "Steins Gate OP Single - Hacking to the Gate/01 - Hacking to the Gate.mp3"
Aug 29 19:10 : player: played "Steins Gate OP Single - Hacking to the Gate/02 - Reliance.mp3"
Aug 29 19:15 : player: played "Steins_Gate_ED+BK/01 Toki Tsukasadoru Juuni no Meiyaku.mp3"
Aug 29 19:16 : client: [0] closed
Aug 29 19:16 : client: [1] closed
Aug 30 00:59 : player: played "Steins_Gate_ED+BK/02 Uruwashiki Seduce.mp3"
Oct 09 19:44 : avahi: Service 'Music Player' successfully established.
Oct 09 19:44 : client: [0] opened from 127.0.0.1:37151
Oct 09 19:44 : alsa_mixer: Failed to read mixer for 'my_alsa': no such mixer control: PCM
Oct 09 19:44 : player: played "Steins_Gate_ED+BK/02 Uruwashiki Seduce.mp3"
Oct 09 19:44 : output: Failed to open mixer for 'my_alsa'
Oct 09 19:48 : player: played "STEINS; GATE Game OP Theme/3 Another Heaven 2012 Remix Ver..mp3"
Oct 09 19:52 : player: played "PSP VN OP - Uchuu Engineer/01 - Uchuu Engineer.mp3"
Oct 09 19:56 : player: played "Again-Yui.mp3"
Oct 09 20:02 : player: played "EGOIST - Extra terrestrial Biological Entities/3. Extra terrestrial Biological Entities.mp3"
Oct 09 20:06 : player: played "EGOIST - Extra terrestrial Biological Entities/12. Departures ~Anata ni Okuru Ai no Uta~.mp3"
Oct 09 20:07 : player: played "EGOIST - Extra terrestrial Biological Entities/8. Ce que jˇaime ~inori no kyuuzitu~.mp3"
Oct 09 20:12 : player: played "EGOIST - Extra terrestrial Biological Entities/4. Ame, Kimi wo Tsurete.mp3"
Oct 09 20:16 : player: played "PSP VN OP - Uchuu Engineer/02 - Eien no Vector.mp3"
Oct 09 20:22 : player: played "EGOIST - Extra terrestrial Biological Entities/2. The Everlasting Guilty Crown.mp3"
Oct 09 20:25 : player: played "EGOIST - Extra terrestrial Biological Entities/9. Omoi wo Megurasu 100 no Jishou.mp3"
Oct 09 20:29 : player: played "EGOIST - Extra terrestrial Biological Entities/5. Lovely Icecream Princess Sweetie.mp3"
Oct 09 20:35 : player: played "My Dearest (Gulty Crown OP) - Supercell.mp3"
Oct 09 20:39 : player: played "STEINS; GATE Game OP Theme/1 Hisenkei Jeniakku.mp3"
Oct 09 20:41 : player: played "EGOIST - Extra terrestrial Biological Entities/1. Genzai no Akari .mp3"
Oct 09 20:41 : output: Failed to open mixer for 'my_alsa'
Oct 09 20:43 : player: played "XX/1-01 Intro.mp3"
Oct 09 20:43 : output: Failed to open mixer for 'my_alsa'
Oct 09 20:47 : player: played "PSP VN OP - Uchuu Engineer/03 - Sky Clad no Kansokusha (Remix).mp3"
Oct 09 20:52 : player: played "EGOIST - Extra terrestrial Biological Entities/10. Kono Sekai de Mitsuketa Mono .mp3"
Oct 09 20:56 : player: played "EGOIST - Extra terrestrial Biological Entities/7. LoveStruck.mp3"
Oct 09 21:03 : player: played "EGOIST - Extra terrestrial Biological Entities/11. Planetes.mp3"
Oct 09 21:05 : player: played "[KC][120128]Guilty Crown THEME SONGS COLLECTION/02 Departures ~Anata ni Okuru Ai no Uta~.mp3"
Oct 09 21:07 : player: played "[KC][120128]Guilty Crown THEME SONGS COLLECTION/01 Euterupe ～Silence～.mp3"
Oct 09 21:08 : player: played "[KC][120128]Guilty Crown THEME SONGS COLLECTION/01 Euterupe ～Silence～.mp3"
Oct 09 21:12 : player: played "EGOIST - Extra terrestrial Biological Entities/6. Teokure.mp3"
Oct 10 01:26 : client: [0] closed
Oct 10 01:38 : player: played "STEINS; GATE Game OP Theme/2 Geometric spac.mp3"
